04:36:26 DEBUG : Logs will be stored at 'D:/Zybo_adder/IDE.log'.
04:36:28 INFO  : Launching XSCT server: xsct.bat -n  -interactive D:\Zybo_adder\temp_xsdb_launch_script.tcl
04:36:28 INFO  : Registering command handlers for Vitis TCF services
04:36:29 INFO  : Platform repository initialization has completed.
04:36:30 INFO  : XSCT server has started successfully.
04:36:30 INFO  : plnx-install-location is set to ''
04:36:30 INFO  : Successfully done setting XSCT server connection channel  
04:36:30 INFO  : Successfully done query RDI_DATADIR 
04:36:30 INFO  : Successfully done setting workspace for the tool. 
04:37:29 INFO  : Result from executing command 'getProjects': Zybo_Adder
04:37:29 INFO  : Result from executing command 'getPlatforms': xilinx_vck190_base_202210_1|C:/Xilinx/Vitis/2022.1/base_platforms/xilinx_vck190_base_202210_1/xilinx_vck190_base_202210_1.xpfm;xilinx_vck190_base_dfx_202210_1|C:/Xilinx/Vitis/2022.1/base_platforms/xilinx_vck190_base_dfx_202210_1/xilinx_vck190_base_dfx_202210_1.xpfm;xilinx_vmk180_base_202210_1|C:/Xilinx/Vitis/2022.1/base_platforms/xilinx_vmk180_base_202210_1/xilinx_vmk180_base_202210_1.xpfm;xilinx_zcu102_base_202210_1|C:/Xilinx/Vitis/2022.1/base_platforms/xilinx_zcu102_base_202210_1/xilinx_zcu102_base_202210_1.xpfm;xilinx_zcu102_base_dfx_202210_1|C:/Xilinx/Vitis/2022.1/base_platforms/xilinx_zcu102_base_dfx_202210_1/xilinx_zcu102_base_dfx_202210_1.xpfm;xilinx_zcu104_base_202210_1|C:/Xilinx/Vitis/2022.1/base_platforms/xilinx_zcu104_base_202210_1/xilinx_zcu104_base_202210_1.xpfm
04:37:45 INFO  : No changes in MSS file content so sources will not be generated.
04:40:09 INFO  : Result from executing command 'removePlatformRepo': 
04:43:02 INFO  : Result from executing command 'removePlatformRepo': 
04:45:18 INFO  : Result from executing command 'removePlatformRepo': 
04:48:07 INFO  : Result from executing command 'removePlatformRepo': 
04:49:22 INFO  : Result from executing command 'removePlatformRepo': 
04:54:42 INFO  : Result from executing command 'getProjects': Zybo_Adder
04:54:42 INFO  : Result from executing command 'getPlatforms': xilinx_vck190_base_202210_1|C:/Xilinx/Vitis/2022.1/base_platforms/xilinx_vck190_base_202210_1/xilinx_vck190_base_202210_1.xpfm;xilinx_vck190_base_dfx_202210_1|C:/Xilinx/Vitis/2022.1/base_platforms/xilinx_vck190_base_dfx_202210_1/xilinx_vck190_base_dfx_202210_1.xpfm;xilinx_vmk180_base_202210_1|C:/Xilinx/Vitis/2022.1/base_platforms/xilinx_vmk180_base_202210_1/xilinx_vmk180_base_202210_1.xpfm;xilinx_zcu102_base_202210_1|C:/Xilinx/Vitis/2022.1/base_platforms/xilinx_zcu102_base_202210_1/xilinx_zcu102_base_202210_1.xpfm;xilinx_zcu102_base_dfx_202210_1|C:/Xilinx/Vitis/2022.1/base_platforms/xilinx_zcu102_base_dfx_202210_1/xilinx_zcu102_base_dfx_202210_1.xpfm;xilinx_zcu104_base_202210_1|C:/Xilinx/Vitis/2022.1/base_platforms/xilinx_zcu104_base_202210_1/xilinx_zcu104_base_202210_1.xpfm
04:54:48 INFO  : Result from executing command 'removePlatformRepo': 
04:55:30 INFO  : Result from executing command 'getProjects': Zybo_Adder
04:55:30 INFO  : Result from executing command 'getPlatforms': xilinx_vck190_base_202210_1|C:/Xilinx/Vitis/2022.1/base_platforms/xilinx_vck190_base_202210_1/xilinx_vck190_base_202210_1.xpfm;xilinx_vck190_base_dfx_202210_1|C:/Xilinx/Vitis/2022.1/base_platforms/xilinx_vck190_base_dfx_202210_1/xilinx_vck190_base_dfx_202210_1.xpfm;xilinx_vmk180_base_202210_1|C:/Xilinx/Vitis/2022.1/base_platforms/xilinx_vmk180_base_202210_1/xilinx_vmk180_base_202210_1.xpfm;xilinx_zcu102_base_202210_1|C:/Xilinx/Vitis/2022.1/base_platforms/xilinx_zcu102_base_202210_1/xilinx_zcu102_base_202210_1.xpfm;xilinx_zcu102_base_dfx_202210_1|C:/Xilinx/Vitis/2022.1/base_platforms/xilinx_zcu102_base_dfx_202210_1/xilinx_zcu102_base_dfx_202210_1.xpfm;xilinx_zcu104_base_202210_1|C:/Xilinx/Vitis/2022.1/base_platforms/xilinx_zcu104_base_202210_1/xilinx_zcu104_base_202210_1.xpfm
04:56:47 INFO  : Checking for BSP changes to sync application flags for project 'MyAdder'...
04:58:08 INFO  : Result from executing command 'removePlatformRepo': 
04:58:51 INFO  : Result from executing command 'getProjects': Zybo_Adder
04:58:51 INFO  : Result from executing command 'getPlatforms': xilinx_vck190_base_202210_1|C:/Xilinx/Vitis/2022.1/base_platforms/xilinx_vck190_base_202210_1/xilinx_vck190_base_202210_1.xpfm;xilinx_vck190_base_dfx_202210_1|C:/Xilinx/Vitis/2022.1/base_platforms/xilinx_vck190_base_dfx_202210_1/xilinx_vck190_base_dfx_202210_1.xpfm;xilinx_vmk180_base_202210_1|C:/Xilinx/Vitis/2022.1/base_platforms/xilinx_vmk180_base_202210_1/xilinx_vmk180_base_202210_1.xpfm;xilinx_zcu102_base_202210_1|C:/Xilinx/Vitis/2022.1/base_platforms/xilinx_zcu102_base_202210_1/xilinx_zcu102_base_202210_1.xpfm;xilinx_zcu102_base_dfx_202210_1|C:/Xilinx/Vitis/2022.1/base_platforms/xilinx_zcu102_base_dfx_202210_1/xilinx_zcu102_base_dfx_202210_1.xpfm;xilinx_zcu104_base_202210_1|C:/Xilinx/Vitis/2022.1/base_platforms/xilinx_zcu104_base_202210_1/xilinx_zcu104_base_202210_1.xpfm
04:58:52 INFO  : Checking for BSP changes to sync application flags for project 'MyAdder'...
05:03:21 INFO  : Checking for BSP changes to sync application flags for project 'MyAdder'...
05:03:53 INFO  : Checking for BSP changes to sync application flags for project 'MyAdder'...
05:05:06 INFO  : Connected to target on host '127.0.0.1' and port '3121'.
05:05:07 INFO  : Jtag cable 'Digilent Zybo Z7 210351B7C018A' is selected.
05:05:07 INFO  : 'jtag frequency' command is executed.
05:05:07 INFO  : Context for 'APU' is selected.
05:05:07 INFO  : System reset is completed.
05:05:10 INFO  : 'after 3000' command is executed.
05:05:10 INFO  : 'targets -set -filter {jtag_cable_name =~ "Digilent Zybo Z7 210351B7C018A" && level==0 && jtag_device_ctx=="jsn-Zybo Z7-210351B7C018A-23727093-0"}' command is executed.
05:05:12 INFO  : Device configured successfully with "D:/Zybo_adder/MyAdder/_ide/bitstream/design_1_wrapper.bit"
05:05:12 INFO  : Context for 'APU' is selected.
05:05:12 INFO  : Hardware design and registers information is loaded from 'D:/Zybo_adder/Zybo_Adder/export/Zybo_Adder/hw/design_1_wrapper.xsa'.
05:05:12 INFO  : 'configparams force-mem-access 1' command is executed.
05:05:12 INFO  : Context for 'APU' is selected.
05:05:12 INFO  : Sourcing of 'D:/Zybo_adder/MyAdder/_ide/psinit/ps7_init.tcl' is done.
05:05:12 INFO  : 'ps7_init' command is executed.
05:05:12 INFO  : 'ps7_post_config' command is executed.
05:05:12 INFO  : Context for processor 'ps7_cortexa9_0' is selected.
05:05:13 INFO  : The application 'D:/Zybo_adder/MyAdder/Debug/MyAdder.elf' is downloaded to processor 'ps7_cortexa9_0'.
05:05:13 INFO  : 'configparams force-mem-access 0' command is executed.
05:05:13 INFO  : ----------------XSDB Script----------------
connect -url tcp:127.0.0.1:3121
targets -set -nocase -filter {name =~"APU*"}
rst -system
after 3000
targets -set -filter {jtag_cable_name =~ "Digilent Zybo Z7 210351B7C018A" && level==0 && jtag_device_ctx=="jsn-Zybo Z7-210351B7C018A-23727093-0"}
fpga -file D:/Zybo_adder/MyAdder/_ide/bitstream/design_1_wrapper.bit
targets -set -nocase -filter {name =~"APU*"}
loadhw -hw D:/Zybo_adder/Zybo_Adder/export/Zybo_Adder/hw/design_1_wrapper.xsa -mem-ranges [list {0x40000000 0xbfffffff}] -regs
configparams force-mem-access 1
targets -set -nocase -filter {name =~"APU*"}
source D:/Zybo_adder/MyAdder/_ide/psinit/ps7_init.tcl
ps7_init
ps7_post_config
targets -set -nocase -filter {name =~ "*A9*#0"}
dow D:/Zybo_adder/MyAdder/Debug/MyAdder.elf
configparams force-mem-access 0
----------------End of Script----------------

05:05:13 INFO  : Context for processor 'ps7_cortexa9_0' is selected.
05:05:13 INFO  : 'con' command is executed.
05:05:13 INFO  : ----------------XSDB Script (After Launch)----------------
targets -set -nocase -filter {name =~ "*A9*#0"}
con
----------------End of Script----------------

05:05:13 INFO  : Launch script is exported to file 'D:\Zybo_adder\MyAdder_system\_ide\scripts\systemdebugger_myadder_system_standalone.tcl'
05:18:28 INFO  : Hardware specification for platform project 'Zybo_Adder' is updated.
05:20:45 INFO  : Result from executing command 'removePlatformRepo': 
05:21:44 INFO  : Result from executing command 'getProjects': Zybo_Adder
05:21:44 INFO  : Result from executing command 'getPlatforms': xilinx_vck190_base_202210_1|C:/Xilinx/Vitis/2022.1/base_platforms/xilinx_vck190_base_202210_1/xilinx_vck190_base_202210_1.xpfm;xilinx_vck190_base_dfx_202210_1|C:/Xilinx/Vitis/2022.1/base_platforms/xilinx_vck190_base_dfx_202210_1/xilinx_vck190_base_dfx_202210_1.xpfm;xilinx_vmk180_base_202210_1|C:/Xilinx/Vitis/2022.1/base_platforms/xilinx_vmk180_base_202210_1/xilinx_vmk180_base_202210_1.xpfm;xilinx_zcu102_base_202210_1|C:/Xilinx/Vitis/2022.1/base_platforms/xilinx_zcu102_base_202210_1/xilinx_zcu102_base_202210_1.xpfm;xilinx_zcu102_base_dfx_202210_1|C:/Xilinx/Vitis/2022.1/base_platforms/xilinx_zcu102_base_dfx_202210_1/xilinx_zcu102_base_dfx_202210_1.xpfm;xilinx_zcu104_base_202210_1|C:/Xilinx/Vitis/2022.1/base_platforms/xilinx_zcu104_base_202210_1/xilinx_zcu104_base_202210_1.xpfm
05:21:45 INFO  : Checking for BSP changes to sync application flags for project 'MyAdder'...
05:21:48 INFO  : The hardware specification used by project 'MyAdder' is out of sync with the platform. Resource files extracted from the hardware specification will be updated.
05:21:48 INFO  : The file 'D:\Zybo_adder\MyAdder\_ide\bitstream\design_1_wrapper.bit' stored in project is removed.
05:21:48 INFO  : The updated bitstream files are copied from platform to folder 'D:\Zybo_adder\MyAdder\_ide\bitstream' in project 'MyAdder'.
05:21:48 INFO  : The file 'D:\Zybo_adder\MyAdder\_ide\psinit\ps7_init.tcl' stored in project is removed.
05:21:53 INFO  : The updated ps init files are copied from platform to folder 'D:\Zybo_adder\MyAdder\_ide\psinit' in project 'MyAdder'.
05:22:20 INFO  : Checking for BSP changes to sync application flags for project 'MyAdder'...
05:23:21 INFO  : Checking for BSP changes to sync application flags for project 'MyAdder'...
05:24:13 INFO  : Disconnected from the channel tcfchan#19.
05:24:13 INFO  : Connected to target on host '127.0.0.1' and port '3121'.
05:24:13 INFO  : Jtag cable 'Digilent Zybo Z7 210351B7C018A' is selected.
05:24:13 INFO  : 'jtag frequency' command is executed.
05:24:13 INFO  : Context for 'APU' is selected.
05:24:13 INFO  : System reset is completed.
05:24:16 INFO  : 'after 3000' command is executed.
05:24:16 INFO  : 'targets -set -filter {jtag_cable_name =~ "Digilent Zybo Z7 210351B7C018A" && level==0 && jtag_device_ctx=="jsn-Zybo Z7-210351B7C018A-23727093-0"}' command is executed.
05:24:18 INFO  : Device configured successfully with "D:/Zybo_adder/MyAdder/_ide/bitstream/design_1_wrapper2.bit"
05:24:18 INFO  : Context for 'APU' is selected.
05:24:18 INFO  : Hardware design and registers information is loaded from 'D:/Zybo_adder/Zybo_Adder/export/Zybo_Adder/hw/design_1_wrapper2.xsa'.
05:24:18 INFO  : 'configparams force-mem-access 1' command is executed.
05:24:18 INFO  : Context for 'APU' is selected.
05:24:18 INFO  : Sourcing of 'D:/Zybo_adder/MyAdder/_ide/psinit/ps7_init.tcl' is done.
05:24:19 INFO  : 'ps7_init' command is executed.
05:24:19 INFO  : 'ps7_post_config' command is executed.
05:24:19 INFO  : Context for processor 'ps7_cortexa9_0' is selected.
05:24:19 INFO  : The application 'D:/Zybo_adder/MyAdder/Debug/MyAdder.elf' is downloaded to processor 'ps7_cortexa9_0'.
05:24:19 INFO  : 'configparams force-mem-access 0' command is executed.
05:24:19 INFO  : ----------------XSDB Script----------------
connect -url tcp:127.0.0.1:3121
targets -set -nocase -filter {name =~"APU*"}
rst -system
after 3000
targets -set -filter {jtag_cable_name =~ "Digilent Zybo Z7 210351B7C018A" && level==0 && jtag_device_ctx=="jsn-Zybo Z7-210351B7C018A-23727093-0"}
fpga -file D:/Zybo_adder/MyAdder/_ide/bitstream/design_1_wrapper2.bit
targets -set -nocase -filter {name =~"APU*"}
loadhw -hw D:/Zybo_adder/Zybo_Adder/export/Zybo_Adder/hw/design_1_wrapper2.xsa -mem-ranges [list {0x40000000 0xbfffffff}] -regs
configparams force-mem-access 1
targets -set -nocase -filter {name =~"APU*"}
source D:/Zybo_adder/MyAdder/_ide/psinit/ps7_init.tcl
ps7_init
ps7_post_config
targets -set -nocase -filter {name =~ "*A9*#0"}
dow D:/Zybo_adder/MyAdder/Debug/MyAdder.elf
configparams force-mem-access 0
----------------End of Script----------------

05:24:19 INFO  : Context for processor 'ps7_cortexa9_0' is selected.
05:24:19 INFO  : 'con' command is executed.
05:24:19 INFO  : ----------------XSDB Script (After Launch)----------------
targets -set -nocase -filter {name =~ "*A9*#0"}
con
----------------End of Script----------------

05:24:19 INFO  : Launch script is exported to file 'D:\Zybo_adder\MyAdder_system\_ide\scripts\systemdebugger_myadder_system_standalone.tcl'
05:32:32 INFO  : Hardware specification for platform project 'Zybo_Adder' is updated.
05:33:26 INFO  : Result from executing command 'removePlatformRepo': 
05:33:57 INFO  : Checking for BSP changes to sync application flags for project 'MyAdder'...
05:33:57 ERROR : Failed to get platform details for the project 'MyAdder'. Cannot sync application flags.
05:34:16 INFO  : Hardware specification for platform project 'Zybo_Adder' is updated.
05:36:34 INFO  : Result from executing command 'getProjects': Zybo_Adder
05:36:34 INFO  : Result from executing command 'getPlatforms': xilinx_vck190_base_202210_1|C:/Xilinx/Vitis/2022.1/base_platforms/xilinx_vck190_base_202210_1/xilinx_vck190_base_202210_1.xpfm;xilinx_vck190_base_dfx_202210_1|C:/Xilinx/Vitis/2022.1/base_platforms/xilinx_vck190_base_dfx_202210_1/xilinx_vck190_base_dfx_202210_1.xpfm;xilinx_vmk180_base_202210_1|C:/Xilinx/Vitis/2022.1/base_platforms/xilinx_vmk180_base_202210_1/xilinx_vmk180_base_202210_1.xpfm;xilinx_zcu102_base_202210_1|C:/Xilinx/Vitis/2022.1/base_platforms/xilinx_zcu102_base_202210_1/xilinx_zcu102_base_202210_1.xpfm;xilinx_zcu102_base_dfx_202210_1|C:/Xilinx/Vitis/2022.1/base_platforms/xilinx_zcu102_base_dfx_202210_1/xilinx_zcu102_base_dfx_202210_1.xpfm;xilinx_zcu104_base_202210_1|C:/Xilinx/Vitis/2022.1/base_platforms/xilinx_zcu104_base_202210_1/xilinx_zcu104_base_202210_1.xpfm
05:37:06 INFO  : Result from executing command 'getProjects': Zybo_Adder
05:37:06 INFO  : Result from executing command 'getPlatforms': Zybo_Adder|D:/Zybo_adder/Zybo_Adder/export/Zybo_Adder/Zybo_Adder.xpfm;xilinx_vck190_base_202210_1|C:/Xilinx/Vitis/2022.1/base_platforms/xilinx_vck190_base_202210_1/xilinx_vck190_base_202210_1.xpfm;xilinx_vck190_base_dfx_202210_1|C:/Xilinx/Vitis/2022.1/base_platforms/xilinx_vck190_base_dfx_202210_1/xilinx_vck190_base_dfx_202210_1.xpfm;xilinx_vmk180_base_202210_1|C:/Xilinx/Vitis/2022.1/base_platforms/xilinx_vmk180_base_202210_1/xilinx_vmk180_base_202210_1.xpfm;xilinx_zcu102_base_202210_1|C:/Xilinx/Vitis/2022.1/base_platforms/xilinx_zcu102_base_202210_1/xilinx_zcu102_base_202210_1.xpfm;xilinx_zcu102_base_dfx_202210_1|C:/Xilinx/Vitis/2022.1/base_platforms/xilinx_zcu102_base_dfx_202210_1/xilinx_zcu102_base_dfx_202210_1.xpfm;xilinx_zcu104_base_202210_1|C:/Xilinx/Vitis/2022.1/base_platforms/xilinx_zcu104_base_202210_1/xilinx_zcu104_base_202210_1.xpfm
05:37:06 INFO  : Checking for BSP changes to sync application flags for project 'MyAdder'...
05:37:12 INFO  : The hardware specification used by project 'MyAdder' is out of sync with the platform. Resource files extracted from the hardware specification will be updated.
05:37:12 INFO  : The file 'D:\Zybo_adder\MyAdder\_ide\bitstream\design_1_wrapper2.bit' stored in project is removed.
05:37:12 INFO  : The updated bitstream files are copied from platform to folder 'D:\Zybo_adder\MyAdder\_ide\bitstream' in project 'MyAdder'.
05:37:12 INFO  : The file 'D:\Zybo_adder\MyAdder\_ide\psinit\ps7_init.tcl' stored in project is removed.
05:37:16 INFO  : The updated ps init files are copied from platform to folder 'D:\Zybo_adder\MyAdder\_ide\psinit' in project 'MyAdder'.
05:37:37 INFO  : Disconnected from the channel tcfchan#23.
05:37:37 INFO  : Connected to target on host '127.0.0.1' and port '3121'.
05:37:37 INFO  : Jtag cable 'Digilent Zybo Z7 210351B7C018A' is selected.
05:37:37 INFO  : 'jtag frequency' command is executed.
05:37:37 INFO  : Context for 'APU' is selected.
05:37:37 INFO  : System reset is completed.
05:37:40 INFO  : 'after 3000' command is executed.
05:37:40 INFO  : 'targets -set -filter {jtag_cable_name =~ "Digilent Zybo Z7 210351B7C018A" && level==0 && jtag_device_ctx=="jsn-Zybo Z7-210351B7C018A-23727093-0"}' command is executed.
05:37:43 INFO  : Device configured successfully with "D:/Zybo_adder/MyAdder/_ide/bitstream/design_1_wrapper3.bit"
05:37:43 INFO  : Context for 'APU' is selected.
05:37:43 INFO  : Hardware design and registers information is loaded from 'D:/Zybo_adder/Zybo_Adder/export/Zybo_Adder/hw/design_1_wrapper3.xsa'.
05:37:43 INFO  : 'configparams force-mem-access 1' command is executed.
05:37:43 INFO  : Context for 'APU' is selected.
05:37:43 INFO  : Sourcing of 'D:/Zybo_adder/MyAdder/_ide/psinit/ps7_init.tcl' is done.
05:37:43 INFO  : 'ps7_init' command is executed.
05:37:43 INFO  : 'ps7_post_config' command is executed.
05:37:43 INFO  : Context for processor 'ps7_cortexa9_0' is selected.
05:37:43 INFO  : The application 'D:/Zybo_adder/MyAdder/Debug/MyAdder.elf' is downloaded to processor 'ps7_cortexa9_0'.
05:37:43 INFO  : 'configparams force-mem-access 0' command is executed.
05:37:43 INFO  : ----------------XSDB Script----------------
connect -url tcp:127.0.0.1:3121
targets -set -nocase -filter {name =~"APU*"}
rst -system
after 3000
targets -set -filter {jtag_cable_name =~ "Digilent Zybo Z7 210351B7C018A" && level==0 && jtag_device_ctx=="jsn-Zybo Z7-210351B7C018A-23727093-0"}
fpga -file D:/Zybo_adder/MyAdder/_ide/bitstream/design_1_wrapper3.bit
targets -set -nocase -filter {name =~"APU*"}
loadhw -hw D:/Zybo_adder/Zybo_Adder/export/Zybo_Adder/hw/design_1_wrapper3.xsa -mem-ranges [list {0x40000000 0xbfffffff}] -regs
configparams force-mem-access 1
targets -set -nocase -filter {name =~"APU*"}
source D:/Zybo_adder/MyAdder/_ide/psinit/ps7_init.tcl
ps7_init
ps7_post_config
targets -set -nocase -filter {name =~ "*A9*#0"}
dow D:/Zybo_adder/MyAdder/Debug/MyAdder.elf
configparams force-mem-access 0
----------------End of Script----------------

05:37:43 INFO  : Context for processor 'ps7_cortexa9_0' is selected.
05:37:43 INFO  : 'con' command is executed.
05:37:43 INFO  : ----------------XSDB Script (After Launch)----------------
targets -set -nocase -filter {name =~ "*A9*#0"}
con
----------------End of Script----------------

05:37:43 INFO  : Launch script is exported to file 'D:\Zybo_adder\MyAdder_system\_ide\scripts\systemdebugger_myadder_system_standalone.tcl'
05:46:27 INFO  : Hardware specification for platform project 'Zybo_Adder' is updated.
05:47:53 INFO  : Result from executing command 'removePlatformRepo': 
05:48:11 ERROR : Error from executing command 'removePlatformRepo': ERROR: No valid directory exists at given path.
05:49:05 INFO  : Result from executing command 'getProjects': Zybo_Adder
05:49:05 INFO  : Result from executing command 'getPlatforms': xilinx_vck190_base_202210_1|C:/Xilinx/Vitis/2022.1/base_platforms/xilinx_vck190_base_202210_1/xilinx_vck190_base_202210_1.xpfm;xilinx_vck190_base_dfx_202210_1|C:/Xilinx/Vitis/2022.1/base_platforms/xilinx_vck190_base_dfx_202210_1/xilinx_vck190_base_dfx_202210_1.xpfm;xilinx_vmk180_base_202210_1|C:/Xilinx/Vitis/2022.1/base_platforms/xilinx_vmk180_base_202210_1/xilinx_vmk180_base_202210_1.xpfm;xilinx_zcu102_base_202210_1|C:/Xilinx/Vitis/2022.1/base_platforms/xilinx_zcu102_base_202210_1/xilinx_zcu102_base_202210_1.xpfm;xilinx_zcu102_base_dfx_202210_1|C:/Xilinx/Vitis/2022.1/base_platforms/xilinx_zcu102_base_dfx_202210_1/xilinx_zcu102_base_dfx_202210_1.xpfm;xilinx_zcu104_base_202210_1|C:/Xilinx/Vitis/2022.1/base_platforms/xilinx_zcu104_base_202210_1/xilinx_zcu104_base_202210_1.xpfm
05:49:06 INFO  : Checking for BSP changes to sync application flags for project 'MyAdder'...
05:49:09 INFO  : The hardware specification used by project 'MyAdder' is out of sync with the platform. Resource files extracted from the hardware specification will be updated.
05:49:09 INFO  : The file 'D:\Zybo_adder\MyAdder\_ide\bitstream\design_1_wrapper3.bit' stored in project is removed.
05:49:09 INFO  : The updated bitstream files are copied from platform to folder 'D:\Zybo_adder\MyAdder\_ide\bitstream' in project 'MyAdder'.
05:49:09 INFO  : The file 'D:\Zybo_adder\MyAdder\_ide\psinit\ps7_init.tcl' stored in project is removed.
05:49:14 INFO  : The updated ps init files are copied from platform to folder 'D:\Zybo_adder\MyAdder\_ide\psinit' in project 'MyAdder'.
05:49:31 INFO  : Checking for BSP changes to sync application flags for project 'MyAdder'...
05:50:04 INFO  : Disconnected from the channel tcfchan#29.
05:50:04 INFO  : Connected to target on host '127.0.0.1' and port '3121'.
05:50:05 INFO  : Jtag cable 'Digilent Zybo Z7 210351B7C018A' is selected.
05:50:05 INFO  : 'jtag frequency' command is executed.
05:50:05 INFO  : Context for 'APU' is selected.
05:50:05 INFO  : System reset is completed.
05:50:08 INFO  : 'after 3000' command is executed.
05:50:08 INFO  : 'targets -set -filter {jtag_cable_name =~ "Digilent Zybo Z7 210351B7C018A" && level==0 && jtag_device_ctx=="jsn-Zybo Z7-210351B7C018A-23727093-0"}' command is executed.
05:50:10 INFO  : Device configured successfully with "D:/Zybo_adder/MyAdder/_ide/bitstream/design_1_wrapper4.bit"
05:50:10 INFO  : Context for 'APU' is selected.
05:50:10 INFO  : Hardware design and registers information is loaded from 'D:/Zybo_adder/Zybo_Adder/export/Zybo_Adder/hw/design_1_wrapper4.xsa'.
05:50:10 INFO  : 'configparams force-mem-access 1' command is executed.
05:50:10 INFO  : Context for 'APU' is selected.
05:50:10 INFO  : Sourcing of 'D:/Zybo_adder/MyAdder/_ide/psinit/ps7_init.tcl' is done.
05:50:10 INFO  : 'ps7_init' command is executed.
05:50:10 INFO  : 'ps7_post_config' command is executed.
05:50:10 INFO  : Context for processor 'ps7_cortexa9_0' is selected.
05:50:11 INFO  : The application 'D:/Zybo_adder/MyAdder/Debug/MyAdder.elf' is downloaded to processor 'ps7_cortexa9_0'.
05:50:11 INFO  : 'configparams force-mem-access 0' command is executed.
05:50:11 INFO  : ----------------XSDB Script----------------
connect -url tcp:127.0.0.1:3121
targets -set -nocase -filter {name =~"APU*"}
rst -system
after 3000
targets -set -filter {jtag_cable_name =~ "Digilent Zybo Z7 210351B7C018A" && level==0 && jtag_device_ctx=="jsn-Zybo Z7-210351B7C018A-23727093-0"}
fpga -file D:/Zybo_adder/MyAdder/_ide/bitstream/design_1_wrapper4.bit
targets -set -nocase -filter {name =~"APU*"}
loadhw -hw D:/Zybo_adder/Zybo_Adder/export/Zybo_Adder/hw/design_1_wrapper4.xsa -mem-ranges [list {0x40000000 0xbfffffff}] -regs
configparams force-mem-access 1
targets -set -nocase -filter {name =~"APU*"}
source D:/Zybo_adder/MyAdder/_ide/psinit/ps7_init.tcl
ps7_init
ps7_post_config
targets -set -nocase -filter {name =~ "*A9*#0"}
dow D:/Zybo_adder/MyAdder/Debug/MyAdder.elf
configparams force-mem-access 0
----------------End of Script----------------

05:50:11 INFO  : Context for processor 'ps7_cortexa9_0' is selected.
05:50:11 INFO  : 'con' command is executed.
05:50:11 INFO  : ----------------XSDB Script (After Launch)----------------
targets -set -nocase -filter {name =~ "*A9*#0"}
con
----------------End of Script----------------

05:50:11 INFO  : Launch script is exported to file 'D:\Zybo_adder\MyAdder_system\_ide\scripts\systemdebugger_myadder_system_standalone.tcl'
05:57:00 INFO  : Hardware specification for platform project 'Zybo_Adder' is updated.
05:58:48 INFO  : Result from executing command 'removePlatformRepo': 
05:59:53 INFO  : Result from executing command 'getProjects': Zybo_Adder
05:59:53 INFO  : Result from executing command 'getPlatforms': xilinx_vck190_base_202210_1|C:/Xilinx/Vitis/2022.1/base_platforms/xilinx_vck190_base_202210_1/xilinx_vck190_base_202210_1.xpfm;xilinx_vck190_base_dfx_202210_1|C:/Xilinx/Vitis/2022.1/base_platforms/xilinx_vck190_base_dfx_202210_1/xilinx_vck190_base_dfx_202210_1.xpfm;xilinx_vmk180_base_202210_1|C:/Xilinx/Vitis/2022.1/base_platforms/xilinx_vmk180_base_202210_1/xilinx_vmk180_base_202210_1.xpfm;xilinx_zcu102_base_202210_1|C:/Xilinx/Vitis/2022.1/base_platforms/xilinx_zcu102_base_202210_1/xilinx_zcu102_base_202210_1.xpfm;xilinx_zcu102_base_dfx_202210_1|C:/Xilinx/Vitis/2022.1/base_platforms/xilinx_zcu102_base_dfx_202210_1/xilinx_zcu102_base_dfx_202210_1.xpfm;xilinx_zcu104_base_202210_1|C:/Xilinx/Vitis/2022.1/base_platforms/xilinx_zcu104_base_202210_1/xilinx_zcu104_base_202210_1.xpfm
05:59:54 INFO  : Checking for BSP changes to sync application flags for project 'MyAdder'...
06:00:00 INFO  : The hardware specification used by project 'MyAdder' is out of sync with the platform. Resource files extracted from the hardware specification will be updated.
06:00:00 INFO  : The file 'D:\Zybo_adder\MyAdder\_ide\bitstream\design_1_wrapper4.bit' stored in project is removed.
06:00:00 INFO  : The updated bitstream files are copied from platform to folder 'D:\Zybo_adder\MyAdder\_ide\bitstream' in project 'MyAdder'.
06:00:00 INFO  : The file 'D:\Zybo_adder\MyAdder\_ide\psinit\ps7_init.tcl' stored in project is removed.
06:00:04 INFO  : The updated ps init files are copied from platform to folder 'D:\Zybo_adder\MyAdder\_ide\psinit' in project 'MyAdder'.
06:00:28 INFO  : Disconnected from the channel tcfchan#34.
06:00:28 INFO  : Connected to target on host '127.0.0.1' and port '3121'.
06:00:28 INFO  : Jtag cable 'Digilent Zybo Z7 210351B7C018A' is selected.
06:00:28 INFO  : 'jtag frequency' command is executed.
06:00:28 INFO  : Context for 'APU' is selected.
06:00:28 INFO  : System reset is completed.
06:00:31 INFO  : 'after 3000' command is executed.
06:00:31 INFO  : 'targets -set -filter {jtag_cable_name =~ "Digilent Zybo Z7 210351B7C018A" && level==0 && jtag_device_ctx=="jsn-Zybo Z7-210351B7C018A-23727093-0"}' command is executed.
06:00:33 INFO  : Device configured successfully with "D:/Zybo_adder/MyAdder/_ide/bitstream/design_1_wrapper5.bit"
06:00:33 INFO  : Context for 'APU' is selected.
06:00:33 INFO  : Hardware design and registers information is loaded from 'D:/Zybo_adder/Zybo_Adder/export/Zybo_Adder/hw/design_1_wrapper5.xsa'.
06:00:33 INFO  : 'configparams force-mem-access 1' command is executed.
06:00:33 INFO  : Context for 'APU' is selected.
06:00:33 INFO  : Sourcing of 'D:/Zybo_adder/MyAdder/_ide/psinit/ps7_init.tcl' is done.
06:00:34 INFO  : 'ps7_init' command is executed.
06:00:34 INFO  : 'ps7_post_config' command is executed.
06:00:34 INFO  : Context for processor 'ps7_cortexa9_0' is selected.
06:00:34 INFO  : The application 'D:/Zybo_adder/MyAdder/Debug/MyAdder.elf' is downloaded to processor 'ps7_cortexa9_0'.
06:00:34 INFO  : 'configparams force-mem-access 0' command is executed.
06:00:34 INFO  : ----------------XSDB Script----------------
connect -url tcp:127.0.0.1:3121
targets -set -nocase -filter {name =~"APU*"}
rst -system
after 3000
targets -set -filter {jtag_cable_name =~ "Digilent Zybo Z7 210351B7C018A" && level==0 && jtag_device_ctx=="jsn-Zybo Z7-210351B7C018A-23727093-0"}
fpga -file D:/Zybo_adder/MyAdder/_ide/bitstream/design_1_wrapper5.bit
targets -set -nocase -filter {name =~"APU*"}
loadhw -hw D:/Zybo_adder/Zybo_Adder/export/Zybo_Adder/hw/design_1_wrapper5.xsa -mem-ranges [list {0x40000000 0xbfffffff}] -regs
configparams force-mem-access 1
targets -set -nocase -filter {name =~"APU*"}
source D:/Zybo_adder/MyAdder/_ide/psinit/ps7_init.tcl
ps7_init
ps7_post_config
targets -set -nocase -filter {name =~ "*A9*#0"}
dow D:/Zybo_adder/MyAdder/Debug/MyAdder.elf
configparams force-mem-access 0
----------------End of Script----------------

06:00:34 INFO  : Context for processor 'ps7_cortexa9_0' is selected.
06:00:34 INFO  : 'con' command is executed.
06:00:34 INFO  : ----------------XSDB Script (After Launch)----------------
targets -set -nocase -filter {name =~ "*A9*#0"}
con
----------------End of Script----------------

06:00:34 INFO  : Launch script is exported to file 'D:\Zybo_adder\MyAdder_system\_ide\scripts\systemdebugger_myadder_system_standalone.tcl'
06:11:03 INFO  : Hardware specification for platform project 'Zybo_Adder' is updated.
06:11:40 INFO  : Result from executing command 'removePlatformRepo': 
06:12:19 INFO  : Checking for BSP changes to sync application flags for project 'MyAdder'...
06:12:19 ERROR : Failed to get platform details for the project 'MyAdder'. Cannot sync application flags.
06:12:38 INFO  : Checking for BSP changes to sync application flags for project 'MyAdder'...
06:12:38 ERROR : Failed to get platform details for the project 'MyAdder'. Cannot sync application flags.
06:12:47 INFO  : Launching XSCT server: xsct.bat -n  -interactive D:\Zybo_adder\temp_xsdb_launch_script.tcl
06:12:49 INFO  : XSCT server has started successfully.
06:12:50 ERROR : Failed to update hardware specification for project 'Zybo_Adder'.
Reason: Failed to execute command 'platform config -updatehw {D:/Zybo_adder/design_1_wrapper.xsa}'. Click on details for more information.
06:13:11 INFO  : Hardware specification for platform project 'Zybo_Adder' is updated.
06:14:00 INFO  : Hardware specification for platform project 'Zybo_Adder' is updated.
06:15:08 INFO  : Checking for BSP changes to sync application flags for project 'MyAdder'...
06:15:08 ERROR : Failed to get platform details for the project 'MyAdder'. Cannot sync application flags.
06:15:50 INFO  : Checking for BSP changes to sync application flags for project 'MyAdder'...
06:15:50 ERROR : Failed to get platform details for the project 'MyAdder'. Cannot sync application flags.
06:17:06 INFO  : Checking for BSP changes to sync application flags for project 'MyAdder'...
06:17:06 ERROR : Failed to get platform details for the project 'MyAdder'. Cannot sync application flags.
06:17:43 INFO  : No changes in MSS file content so sources will not be generated.
06:17:49 INFO  : No changes in MSS file content so sources will not be generated.
06:18:15 INFO  : Hardware specification for platform project 'Zybo_Adder' is updated.
06:20:32 INFO  : Checking for BSP changes to sync application flags for project 'MyAdder'...
06:20:32 ERROR : Failed to get platform details for the project 'MyAdder'. Cannot sync application flags.
06:25:28 INFO  : Checking for BSP changes to sync application flags for project 'MyAdder'...
06:25:28 ERROR : Failed to get platform details for the project 'MyAdder'. Cannot sync application flags.
06:26:02 ERROR : An unexpected exception occurred in the module 'reading platform'
06:28:33 INFO  : Checking for BSP changes to sync application flags for project 'MyAdder'...
06:28:33 ERROR : Failed to get platform details for the project 'MyAdder'. Cannot sync application flags.
06:28:52 INFO  : Successfully removed platform .
06:28:53 INFO  : Platform 'Zybo_20' is added to custom repositories.
06:28:56 INFO  : Checking for BSP changes to sync application flags for project 'MyAdder'...
06:28:56 ERROR : Failed to get platform details for the project 'MyAdder'. Cannot sync application flags.
06:30:06 INFO  : Bsp settings for domain 'zynq_fsbl' are loaded from the file 'D:\Zybo_adder\Zybo_20\zynq_fsbl\zynq_fsbl_bsp\system.mss'
06:31:40 INFO  : Checking for BSP changes to sync application flags for project 'MyAdder'...
06:31:40 ERROR : Failed to get platform details for the project 'MyAdder'. Cannot sync application flags.
06:32:20 INFO  : The hardware specification used by project 'MyAdder' is out of sync with the platform. Resource files extracted from the hardware specification will be updated.
06:32:22 INFO  : The file 'D:\Zybo_adder\MyAdder\_ide\bitstream\design_1_wrapper5.bit' stored in project is removed.
06:32:22 INFO  : The updated bitstream files are copied from platform to folder 'D:\Zybo_adder\MyAdder\_ide\bitstream' in project 'MyAdder'.
06:32:22 INFO  : The file 'D:\Zybo_adder\MyAdder\_ide\psinit\ps7_init.tcl' stored in project is removed.
06:32:25 INFO  : The updated ps init files are copied from platform to folder 'D:\Zybo_adder\MyAdder\_ide\psinit' in project 'MyAdder'.
06:32:31 INFO  : Checking for BSP changes to sync application flags for project 'MyAdder'...
06:32:55 WARN  : channel "tcfchan#38" closed
06:32:55 INFO  : Connected to target on host '127.0.0.1' and port '3121'.
06:32:55 INFO  : Jtag cable 'Digilent Zybo Z7 210351B7C018A' is selected.
06:32:55 INFO  : 'jtag frequency' command is executed.
06:32:55 INFO  : Context for 'APU' is selected.
06:32:55 INFO  : System reset is completed.
06:32:58 INFO  : 'after 3000' command is executed.
06:32:59 INFO  : 'targets -set -filter {jtag_cable_name =~ "Digilent Zybo Z7 210351B7C018A" && level==0 && jtag_device_ctx=="jsn-Zybo Z7-210351B7C018A-23727093-0"}' command is executed.
06:33:01 INFO  : Device configured successfully with "D:/Zybo_adder/MyAdder/_ide/bitstream/design_1_wrapper6.bit"
06:33:01 INFO  : Context for 'APU' is selected.
06:33:01 INFO  : Hardware design and registers information is loaded from 'D:/Zybo_adder/Zybo_20/export/Zybo_20/hw/design_1_wrapper6.xsa'.
06:33:01 INFO  : 'configparams force-mem-access 1' command is executed.
06:33:01 INFO  : Context for 'APU' is selected.
06:33:01 INFO  : Sourcing of 'D:/Zybo_adder/MyAdder/_ide/psinit/ps7_init.tcl' is done.
06:33:01 INFO  : 'ps7_init' command is executed.
06:33:01 INFO  : 'ps7_post_config' command is executed.
06:33:01 INFO  : Context for processor 'ps7_cortexa9_0' is selected.
06:33:01 INFO  : The application 'D:/Zybo_adder/MyAdder/Debug/MyAdder.elf' is downloaded to processor 'ps7_cortexa9_0'.
06:33:01 INFO  : 'configparams force-mem-access 0' command is executed.
06:33:01 INFO  : ----------------XSDB Script----------------
connect -url tcp:127.0.0.1:3121
targets -set -nocase -filter {name =~"APU*"}
rst -system
after 3000
targets -set -filter {jtag_cable_name =~ "Digilent Zybo Z7 210351B7C018A" && level==0 && jtag_device_ctx=="jsn-Zybo Z7-210351B7C018A-23727093-0"}
fpga -file D:/Zybo_adder/MyAdder/_ide/bitstream/design_1_wrapper6.bit
targets -set -nocase -filter {name =~"APU*"}
loadhw -hw D:/Zybo_adder/Zybo_20/export/Zybo_20/hw/design_1_wrapper6.xsa -mem-ranges [list {0x40000000 0xbfffffff}] -regs
configparams force-mem-access 1
targets -set -nocase -filter {name =~"APU*"}
source D:/Zybo_adder/MyAdder/_ide/psinit/ps7_init.tcl
ps7_init
ps7_post_config
targets -set -nocase -filter {name =~ "*A9*#0"}
dow D:/Zybo_adder/MyAdder/Debug/MyAdder.elf
configparams force-mem-access 0
----------------End of Script----------------

06:33:01 INFO  : Context for processor 'ps7_cortexa9_0' is selected.
06:33:01 INFO  : 'con' command is executed.
06:33:01 INFO  : ----------------XSDB Script (After Launch)----------------
targets -set -nocase -filter {name =~ "*A9*#0"}
con
----------------End of Script----------------

06:33:01 INFO  : Launch script is exported to file 'D:\Zybo_adder\MyAdder_system\_ide\scripts\systemdebugger_myadder_system_standalone.tcl'
06:46:18 INFO  : Disconnected from the channel tcfchan#12.
